<?xml version="1.0" encoding="UTF-8"?>
<robot generator="Robot 5.0.1 (Python 3.10.5 on win32)" generated="20220817 09:06:21.333" rpa="false" schemaversion="3">
<suite id="s1" name="Reverse" source="C:\Users\SANTHOSH\PycharmProjects\RobotFramework\API_Testing\Reverse.robot">
<test id="s1-t1" name="Reverse String" line="7">
<kw name="Set Variable" library="BuiltIn">
<var>${var}</var>
<arg>Robot Framework</arg>
<doc>Returns the given values which can then be assigned to a variables.</doc>
<msg timestamp="20220817 09:06:21.521" level="INFO">${var} = Robot Framework</msg>
<status status="PASS" starttime="20220817 09:06:21.505" endtime="20220817 09:06:21.521"/>
</kw>
<kw name="Evaluate" library="BuiltIn">
<var>${set}</var>
<arg>$var[::-1]</arg>
<doc>Evaluates the given expression in Python and returns the result.</doc>
<msg timestamp="20220817 09:06:21.552" level="INFO">${set} = krowemarF toboR</msg>
<status status="PASS" starttime="20220817 09:06:21.521" endtime="20220817 09:06:21.552"/>
</kw>
<kw name="Log To Console" library="BuiltIn">
<arg>\nResult: ${Set}</arg>
<doc>Logs the given message to the console.</doc>
<status status="PASS" starttime="20220817 09:06:21.552" endtime="20220817 09:06:21.552"/>
</kw>
<status status="PASS" starttime="20220817 09:06:21.505" endtime="20220817 09:06:21.552"/>
</test>
<status status="PASS" starttime="20220817 09:06:21.333" endtime="20220817 09:06:21.552"/>
</suite>
<statistics>
<total>
<stat pass="1" fail="0" skip="0">All Tests</stat>
</total>
<tag>
</tag>
<suite>
<stat pass="1" fail="0" skip="0" id="s1" name="Reverse">Reverse</stat>
</suite>
</statistics>
<errors>
</errors>
</robot>
